2014/09/08 15:16:32 [error] [php] include(RestController.php) [<a href='function.include'>function.include</a>]: failed to open stream: No such file or directory (Y:\home\localhost\www\YiiPath\framework\YiiBase.php:427)
Stack trace:
#0 Y:\home\localhost\www\chess\protected\controllers\GameController.php(4): spl_autoload_call()
#1 Y:\home\localhost\www\YiiPath\framework\web\CWebApplication.php(354): require()
#2 Y:\home\localhost\www\YiiPath\framework\web\CWebApplication.php(276): CWebApplication->createController()
#3 Y:\home\localhost\www\YiiPath\framework\web\CWebApplication.php(141): CWebApplication->runController()
#4 Y:\home\localhost\www\YiiPath\framework\base\CApplication.php(180): CWebApplication->processRequest()
#5 Y:\home\localhost\www\chess\index.php(13): CWebApplication->run()
REQUEST_URI=/chess/index.php/game/index
in Y:\home\localhost\www\chess\protected\controllers\GameController.php (4)
in Y:\home\localhost\www\chess\index.php (13)
2014/09/09 13:13:22 [error] [exception.CHttpException.404] exception 'CHttpException' with message 'Unable to resolve the request "partials/board.html".' in Y:\home\localhost\www\YiiPath\framework\web\CWebApplication.php:286
Stack trace:
#0 Y:\home\localhost\www\YiiPath\framework\web\CWebApplication.php(141): CWebApplication->runController('partials/board....')
#1 Y:\home\localhost\www\YiiPath\framework\base\CApplication.php(180): CWebApplication->processRequest()
#2 Y:\home\localhost\www\chess\index.php(13): CApplication->run()
#3 {main}
REQUEST_URI=/chess/index.php/partials/board.html
HTTP_REFERER=http://localhost/chess/index.php/game/index
---
2014/09/09 13:15:34 [error] [exception.CHttpException.404] exception 'CHttpException' with message 'Unable to resolve the request "partials/board.html".' in Y:\home\localhost\www\YiiPath\framework\web\CWebApplication.php:286
Stack trace:
#0 Y:\home\localhost\www\YiiPath\framework\web\CWebApplication.php(141): CWebApplication->runController('partials/board....')
#1 Y:\home\localhost\www\YiiPath\framework\base\CApplication.php(180): CWebApplication->processRequest()
#2 Y:\home\localhost\www\chess\index.php(13): CApplication->run()
#3 {main}
REQUEST_URI=/chess/index.php/partials/board.html
HTTP_REFERER=http://localhost/chess/index.php/game/index
---
2014/09/09 13:25:27 [error] [exception.CHttpException.404] exception 'CHttpException' with message 'The system is unable to find the requested action "partials".' in Y:\home\localhost\www\YiiPath\framework\web\CController.php:483
Stack trace:
#0 Y:\home\localhost\www\YiiPath\framework\web\CController.php(270): CController->missingAction('partials')
#1 Y:\home\localhost\www\YiiPath\framework\web\CWebApplication.php(282): CController->run('partials')
#2 Y:\home\localhost\www\YiiPath\framework\web\CWebApplication.php(141): CWebApplication->runController('game/partials/b...')
#3 Y:\home\localhost\www\YiiPath\framework\base\CApplication.php(180): CWebApplication->processRequest()
#4 Y:\home\localhost\www\chess\index.php(13): CApplication->run()
#5 {main}
REQUEST_URI=/chess/index.php/game/partials/board.html
HTTP_REFERER=http://localhost/chess/index.php/game/index
---
2014/09/09 13:25:53 [error] [exception.CHttpException.404] exception 'CHttpException' with message 'Unable to resolve the request "partials/board.html".' in Y:\home\localhost\www\YiiPath\framework\web\CWebApplication.php:286
Stack trace:
#0 Y:\home\localhost\www\YiiPath\framework\web\CWebApplication.php(141): CWebApplication->runController('partials/board....')
#1 Y:\home\localhost\www\YiiPath\framework\base\CApplication.php(180): CWebApplication->processRequest()
#2 Y:\home\localhost\www\chess\index.php(13): CApplication->run()
#3 {main}
REQUEST_URI=/chess/index.php/partials/board.html
HTTP_REFERER=http://localhost/chess/index.php/game/index
---
2014/09/09 13:45:20 [error] [exception.CHttpException.404] exception 'CHttpException' with message 'Unable to resolve the request "partials/board.html".' in Y:\home\localhost\www\YiiPath\framework\web\CWebApplication.php:286
Stack trace:
#0 Y:\home\localhost\www\YiiPath\framework\web\CWebApplication.php(141): CWebApplication->runController('partials/board....')
#1 Y:\home\localhost\www\YiiPath\framework\base\CApplication.php(180): CWebApplication->processRequest()
#2 Y:\home\localhost\www\chess\index.php(13): CApplication->run()
#3 {main}
REQUEST_URI=/chess/index.php/partials/board.html
HTTP_REFERER=http://localhost/chess/index.php/game/index
---
2014/09/09 13:47:26 [error] [exception.CHttpException.404] exception 'CHttpException' with message 'Unable to resolve the request "partials/board.html".' in Y:\home\localhost\www\YiiPath\framework\web\CWebApplication.php:286
Stack trace:
#0 Y:\home\localhost\www\YiiPath\framework\web\CWebApplication.php(141): CWebApplication->runController('partials/board....')
#1 Y:\home\localhost\www\YiiPath\framework\base\CApplication.php(180): CWebApplication->processRequest()
#2 Y:\home\localhost\www\chess\index.php(13): CApplication->run()
#3 {main}
REQUEST_URI=/chess/index.php/partials/board.html
HTTP_REFERER=http://localhost/chess/index.php/game/index/
---
2014/09/10 15:37:29 [error] [exception.CHttpException.404] exception 'CHttpException' with message 'Unable to resolve the request "js/directives/directive.js".' in Y:\home\localhost\www\YiiPath\framework\web\CWebApplication.php:286
Stack trace:
#0 Y:\home\localhost\www\YiiPath\framework\web\CWebApplication.php(141): CWebApplication->runController('js/directives/d...')
#1 Y:\home\localhost\www\YiiPath\framework\base\CApplication.php(180): CWebApplication->processRequest()
#2 Y:\home\localhost\www\chess\index.php(13): CApplication->run()
#3 {main}
REQUEST_URI=/chess/js/directives/directive.js
HTTP_REFERER=http://localhost/chess/game/index
---
2014/09/12 18:04:46 [error] [php] Invalid argument supplied for foreach() (Y:\home\localhost\www\YiiPath\framework\web\auth\CAccessControlFilter.php:104)
Stack trace:
#0 Y:\home\localhost\www\YiiPath\framework\web\filters\CFilterChain.php(130): CInlineFilter->filter()
#1 Y:\home\localhost\www\YiiPath\framework\web\CController.php(291): CFilterChain->run()
#2 Y:\home\localhost\www\YiiPath\framework\web\CController.php(265): GameHistoryController->runActionWithFilters()
#3 Y:\home\localhost\www\YiiPath\framework\web\CWebApplication.php(282): GameHistoryController->run()
#4 Y:\home\localhost\www\YiiPath\framework\web\CWebApplication.php(141): CWebApplication->runController()
#5 Y:\home\localhost\www\YiiPath\framework\base\CApplication.php(180): CWebApplication->processRequest()
#6 Y:\home\localhost\www\chess\index.php(13): CWebApplication->run()
REQUEST_URI=/chess/api/show
in Y:\home\localhost\www\chess\index.php (13)
2014/09/12 18:05:33 [error] [php] Invalid argument supplied for foreach() (Y:\home\localhost\www\YiiPath\framework\web\auth\CAccessControlFilter.php:104)
Stack trace:
#0 Y:\home\localhost\www\YiiPath\framework\web\filters\CFilterChain.php(130): CInlineFilter->filter()
#1 Y:\home\localhost\www\YiiPath\framework\web\CController.php(291): CFilterChain->run()
#2 Y:\home\localhost\www\YiiPath\framework\web\CController.php(265): GameHistoryController->runActionWithFilters()
#3 Y:\home\localhost\www\YiiPath\framework\web\CWebApplication.php(282): GameHistoryController->run()
#4 Y:\home\localhost\www\YiiPath\framework\web\CWebApplication.php(141): CWebApplication->runController()
#5 Y:\home\localhost\www\YiiPath\framework\base\CApplication.php(180): CWebApplication->processRequest()
#6 Y:\home\localhost\www\chess\index.php(13): CWebApplication->run()
REQUEST_URI=/chess/api/show
in Y:\home\localhost\www\chess\index.php (13)
2014/09/12 18:12:30 [error] [exception.CException] exception 'CException' with message 'Property "Game.lastStepTime" is not defined.' in Y:\home\localhost\www\YiiPath\framework\base\CComponent.php:130
Stack trace:
#0 Y:\home\localhost\www\YiiPath\framework\db\ar\CActiveRecord.php(145): CComponent->__get('lastStepTime')
#1 Y:\home\localhost\www\YiiPath\framework\validators\CRequiredValidator.php(58): CActiveRecord->__get('lastStepTime')
#2 Y:\home\localhost\www\YiiPath\framework\validators\CValidator.php(213): CRequiredValidator->validateAttribute(Object(Game), 'lastStepTime')
#3 Y:\home\localhost\www\YiiPath\framework\base\CModel.php(159): CValidator->validate(Object(Game), NULL)
#4 Y:\home\localhost\www\YiiPath\framework\db\ar\CActiveRecord.php(805): CModel->validate(NULL)
#5 Y:\home\localhost\www\chess\protected\models\Game.php(129): CActiveRecord->save()
#6 Y:\home\localhost\www\chess\protected\components\Session.php(21): Game->gameCreate()
#7 Y:\home\localhost\www\chess\protected\controllers\GameController.php(145): Session::getSession()
#8 Y:\home\localhost\www\YiiPath\framework\web\actions\CInlineAction.php(49): GameController->actionStart()
#9 Y:\home\localhost\www\YiiPath\framework\web\CController.php(308): CInlineAction->runWithParams(Array)
#10 Y:\home\localhost\www\YiiPath\framework\web\CController.php(286): CController->runAction(Object(CInlineAction))
#11 Y:\home\localhost\www\YiiPath\framework\web\CController.php(265): CController->runActionWithFilters(Object(CInlineAction), Array)
#12 Y:\home\localhost\www\YiiPath\framework\web\CWebApplication.php(282): CController->run('start')
#13 Y:\home\localhost\www\YiiPath\framework\web\CWebApplication.php(141): CWebApplication->runController('game/start')
#14 Y:\home\localhost\www\YiiPath\framework\base\CApplication.php(180): CWebApplication->processRequest()
#15 Y:\home\localhost\www\chess\index.php(13): CApplication->run()
#16 {main}
REQUEST_URI=/chess/game/start
HTTP_REFERER=http://localhost/chess/site/contact
---
2014/09/12 18:16:34 [error] [system.db.CDbCommand] CDbCommand::execute() failed: SQLSTATE[23000]: Integrity constraint violation: 1452 Cannot add or update a child row: a foreign key constraint fails (`chess`.`game_history`, CONSTRAINT `game_history_ibfk_1` FOREIGN KEY (`id`) REFERENCES `game` (`id`) ON DELETE CASCADE ON UPDATE CASCADE). The SQL statement executed was: INSERT INTO `game_history` (`gameId`, `boardPacked`, `stepNumber`) VALUES (:yp0, :yp1, :yp2).
in Y:\home\localhost\www\chess\protected\models\GameHistory.php (112)
in Y:\home\localhost\www\chess\protected\components\Session.php (23)
in Y:\home\localhost\www\chess\protected\controllers\GameController.php (145)
2014/09/12 18:16:34 [error] [exception.CDbException] exception 'CDbException' with message 'CDbCommand failed to execute the SQL statement: SQLSTATE[23000]: Integrity constraint violation: 1452 Cannot add or update a child row: a foreign key constraint fails (`chess`.`game_history`, CONSTRAINT `game_history_ibfk_1` FOREIGN KEY (`id`) REFERENCES `game` (`id`) ON DELETE CASCADE ON UPDATE CASCADE). The SQL statement executed was: INSERT INTO `game_history` (`gameId`, `boardPacked`, `stepNumber`) VALUES (:yp0, :yp1, :yp2)' in Y:\home\localhost\www\YiiPath\framework\db\CDbCommand.php:358
Stack trace:
#0 Y:\home\localhost\www\YiiPath\framework\db\ar\CActiveRecord.php(1077): CDbCommand->execute()
#1 Y:\home\localhost\www\YiiPath\framework\db\ar\CActiveRecord.php(806): CActiveRecord->insert(NULL)
#2 Y:\home\localhost\www\chess\protected\models\GameHistory.php(112): CActiveRecord->save()
#3 Y:\home\localhost\www\chess\protected\components\Session.php(23): GameHistory->createStep('2', '{???'1':???{???...')
#4 Y:\home\localhost\www\chess\protected\controllers\GameController.php(145): Session::getSession()
#5 Y:\home\localhost\www\YiiPath\framework\web\actions\CInlineAction.php(49): GameController->actionStart()
#6 Y:\home\localhost\www\YiiPath\framework\web\CController.php(308): CInlineAction->runWithParams(Array)
#7 Y:\home\localhost\www\YiiPath\framework\web\CController.php(286): CController->runAction(Object(CInlineAction))
#8 Y:\home\localhost\www\YiiPath\framework\web\CController.php(265): CController->runActionWithFilters(Object(CInlineAction), Array)
#9 Y:\home\localhost\www\YiiPath\framework\web\CWebApplication.php(282): CController->run('start')
#10 Y:\home\localhost\www\YiiPath\framework\web\CWebApplication.php(141): CWebApplication->runController('game/start')
#11 Y:\home\localhost\www\YiiPath\framework\base\CApplication.php(180): CWebApplication->processRequest()
#12 Y:\home\localhost\www\chess\index.php(13): CApplication->run()
#13 {main}
REQUEST_URI=/chess/game/start
HTTP_REFERER=http://localhost/chess/
---
2014/09/12 18:35:24 [error] [php] Invalid argument supplied for foreach() (Y:\home\localhost\www\YiiPath\framework\web\auth\CAccessControlFilter.php:104)
Stack trace:
#0 Y:\home\localhost\www\YiiPath\framework\web\filters\CFilterChain.php(130): CInlineFilter->filter()
#1 Y:\home\localhost\www\YiiPath\framework\web\CController.php(291): CFilterChain->run()
#2 Y:\home\localhost\www\YiiPath\framework\web\CController.php(265): GameHistoryController->runActionWithFilters()
#3 Y:\home\localhost\www\YiiPath\framework\web\CWebApplication.php(282): GameHistoryController->run()
#4 Y:\home\localhost\www\YiiPath\framework\web\CWebApplication.php(141): CWebApplication->runController()
#5 Y:\home\localhost\www\YiiPath\framework\base\CApplication.php(180): CWebApplication->processRequest()
#6 Y:\home\localhost\www\chess\index.php(13): CWebApplication->run()
REQUEST_URI=/chess/gameHistory/view
in Y:\home\localhost\www\chess\index.php (13)
2014/09/12 18:55:14 [error] [system.db.CDbCommand] CDbCommand::execute() failed: SQLSTATE[23000]: Integrity constraint violation: 1452 Cannot add or update a child row: a foreign key constraint fails (`chess`.`game_history`, CONSTRAINT `game_history_ibfk_1` FOREIGN KEY (`id`) REFERENCES `game` (`id`) ON DELETE CASCADE ON UPDATE CASCADE). The SQL statement executed was: INSERT INTO `game_history` (`gameId`, `boardPacked`, `stepNumber`) VALUES (:yp0, :yp1, :yp2).
in Y:\home\localhost\www\chess\protected\models\GameHistory.php (112)
in Y:\home\localhost\www\chess\protected\components\Session.php (23)
in Y:\home\localhost\www\chess\protected\controllers\GameController.php (145)
2014/09/12 18:55:15 [error] [exception.CDbException] exception 'CDbException' with message 'CDbCommand failed to execute the SQL statement: SQLSTATE[23000]: Integrity constraint violation: 1452 Cannot add or update a child row: a foreign key constraint fails (`chess`.`game_history`, CONSTRAINT `game_history_ibfk_1` FOREIGN KEY (`id`) REFERENCES `game` (`id`) ON DELETE CASCADE ON UPDATE CASCADE). The SQL statement executed was: INSERT INTO `game_history` (`gameId`, `boardPacked`, `stepNumber`) VALUES (:yp0, :yp1, :yp2)' in Y:\home\localhost\www\YiiPath\framework\db\CDbCommand.php:358
Stack trace:
#0 Y:\home\localhost\www\YiiPath\framework\db\ar\CActiveRecord.php(1077): CDbCommand->execute()
#1 Y:\home\localhost\www\YiiPath\framework\db\ar\CActiveRecord.php(806): CActiveRecord->insert(NULL)
#2 Y:\home\localhost\www\chess\protected\models\GameHistory.php(112): CActiveRecord->save()
#3 Y:\home\localhost\www\chess\protected\components\Session.php(23): GameHistory->stepCreate('3', '{???'1':???{???...')
#4 Y:\home\localhost\www\chess\protected\controllers\GameController.php(145): Session::getSession()
#5 Y:\home\localhost\www\YiiPath\framework\web\actions\CInlineAction.php(49): GameController->actionStart()
#6 Y:\home\localhost\www\YiiPath\framework\web\CController.php(308): CInlineAction->runWithParams(Array)
#7 Y:\home\localhost\www\YiiPath\framework\web\CController.php(286): CController->runAction(Object(CInlineAction))
#8 Y:\home\localhost\www\YiiPath\framework\web\CController.php(265): CController->runActionWithFilters(Object(CInlineAction), Array)
#9 Y:\home\localhost\www\YiiPath\framework\web\CWebApplication.php(282): CController->run('start')
#10 Y:\home\localhost\www\YiiPath\framework\web\CWebApplication.php(141): CWebApplication->runController('game/start')
#11 Y:\home\localhost\www\YiiPath\framework\base\CApplication.php(180): CWebApplication->processRequest()
#12 Y:\home\localhost\www\chess\index.php(13): CApplication->run()
#13 {main}
REQUEST_URI=/chess/game/start
HTTP_REFERER=http://localhost/chess/
---
2014/09/12 20:19:13 [error] [exception.CHttpException.404] exception 'CHttpException' with message 'Unable to resolve the request "api/start".' in Y:\home\localhost\www\YiiPath\framework\web\CWebApplication.php:286
Stack trace:
#0 Y:\home\localhost\www\YiiPath\framework\web\CWebApplication.php(141): CWebApplication->runController('api/start')
#1 Y:\home\localhost\www\YiiPath\framework\base\CApplication.php(180): CWebApplication->processRequest()
#2 Y:\home\localhost\www\chess\index.php(13): CApplication->run()
#3 {main}
REQUEST_URI=/chess/api/start
HTTP_REFERER=http://localhost/chess/
---
2014/09/12 20:22:01 [error] [exception.CHttpException.404] exception 'CHttpException' with message 'Unable to resolve the request "api/start".' in Y:\home\localhost\www\YiiPath\framework\web\CWebApplication.php:286
Stack trace:
#0 Y:\home\localhost\www\YiiPath\framework\web\CWebApplication.php(141): CWebApplication->runController('api/start')
#1 Y:\home\localhost\www\YiiPath\framework\base\CApplication.php(180): CWebApplication->processRequest()
#2 Y:\home\localhost\www\chess\index.php(13): CApplication->run()
#3 {main}
REQUEST_URI=/chess/api/start
HTTP_REFERER=http://localhost/chess/
---
2014/09/24 14:28:49 [error] [exception.CException] exception 'CException' with message 'GameController and its behaviors do not have a method or closure named "sendResponse".' in Y:\home\localhost\www\YiiPath\framework\base\CComponent.php:266
Stack trace:
#0 Y:\home\localhost\www\chess\protected\controllers\GameController.php(12): CComponent->__call('sendResponse', Array)
#1 Y:\home\localhost\www\chess\protected\controllers\GameController.php(12): GameController->sendResponse(200, 'game is deleted')
#2 Y:\home\localhost\www\YiiPath\framework\web\actions\CInlineAction.php(49): GameController->actionDelete()
#3 Y:\home\localhost\www\YiiPath\framework\web\CController.php(308): CInlineAction->runWithParams(Array)
#4 Y:\home\localhost\www\YiiPath\framework\web\CController.php(286): CController->runAction(Object(CInlineAction))
#5 Y:\home\localhost\www\YiiPath\framework\web\CController.php(265): CController->runActionWithFilters(Object(CInlineAction), Array)
#6 Y:\home\localhost\www\YiiPath\framework\web\CWebApplication.php(282): CController->run('delete')
#7 Y:\home\localhost\www\YiiPath\framework\web\CWebApplication.php(141): CWebApplication->runController('game/delete')
#8 Y:\home\localhost\www\YiiPath\framework\base\CApplication.php(180): CWebApplication->processRequest()
#9 Y:\home\localhost\www\chess\index.php(13): CApplication->run()
#10 {main}
REQUEST_URI=/chess/api/delete
HTTP_REFERER=http://localhost/chess/gameHistory/view
---
2014/09/24 14:32:13 [error] [exception.CException] exception 'CException' with message 'GameController and its behaviors do not have a method or closure named "sendResponse".' in Y:\home\localhost\www\YiiPath\framework\base\CComponent.php:266
Stack trace:
#0 Y:\home\localhost\www\chess\protected\controllers\GameController.php(35): CComponent->__call('sendResponse', Array)
#1 Y:\home\localhost\www\chess\protected\controllers\GameController.php(35): GameController->sendResponse(200, 'game is deleted')
#2 Y:\home\localhost\www\YiiPath\framework\web\actions\CInlineAction.php(49): GameController->actionEnd()
#3 Y:\home\localhost\www\YiiPath\framework\web\CController.php(308): CInlineAction->runWithParams(Array)
#4 Y:\home\localhost\www\YiiPath\framework\web\CController.php(286): CController->runAction(Object(CInlineAction))
#5 Y:\home\localhost\www\YiiPath\framework\web\CController.php(265): CController->runActionWithFilters(Object(CInlineAction), Array)
#6 Y:\home\localhost\www\YiiPath\framework\web\CWebApplication.php(282): CController->run('end')
#7 Y:\home\localhost\www\YiiPath\framework\web\CWebApplication.php(141): CWebApplication->runController('game/end')
#8 Y:\home\localhost\www\YiiPath\framework\base\CApplication.php(180): CWebApplication->processRequest()
#9 Y:\home\localhost\www\chess\index.php(13): CApplication->run()
#10 {main}
REQUEST_URI=/chess/game/end
HTTP_REFERER=http://localhost/chess/gameHistory/view
---
2014/09/24 14:32:42 [error] [exception.CHttpException.404] exception 'CHttpException' with message 'The requested page does not exist.' in Y:\home\localhost\www\chess\protected\controllers\GameController.php:19
Stack trace:
#0 Y:\home\localhost\www\chess\protected\controllers\GameController.php(11): GameController->loadModel('9')
#1 Y:\home\localhost\www\YiiPath\framework\web\actions\CInlineAction.php(49): GameController->actionDelete()
#2 Y:\home\localhost\www\YiiPath\framework\web\CController.php(308): CInlineAction->runWithParams(Array)
#3 Y:\home\localhost\www\YiiPath\framework\web\CController.php(286): CController->runAction(Object(CInlineAction))
#4 Y:\home\localhost\www\YiiPath\framework\web\CController.php(265): CController->runActionWithFilters(Object(CInlineAction), Array)
#5 Y:\home\localhost\www\YiiPath\framework\web\CWebApplication.php(282): CController->run('delete')
#6 Y:\home\localhost\www\YiiPath\framework\web\CWebApplication.php(141): CWebApplication->runController('game/delete')
#7 Y:\home\localhost\www\YiiPath\framework\base\CApplication.php(180): CWebApplication->processRequest()
#8 Y:\home\localhost\www\chess\index.php(13): CApplication->run()
#9 {main}
REQUEST_URI=/chess/api/delete
HTTP_REFERER=http://localhost/chess/gameHistory/view
---
2014/09/24 14:33:30 [error] [exception.CException] exception 'CException' with message 'GameController and its behaviors do not have a method or closure named "sendResponse".' in Y:\home\localhost\www\YiiPath\framework\base\CComponent.php:266
Stack trace:
#0 Y:\home\localhost\www\chess\protected\controllers\GameController.php(35): CComponent->__call('sendResponse', Array)
#1 Y:\home\localhost\www\chess\protected\controllers\GameController.php(35): GameController->sendResponse(200, 'game is deleted')
#2 Y:\home\localhost\www\YiiPath\framework\web\actions\CInlineAction.php(49): GameController->actionEnd()
#3 Y:\home\localhost\www\YiiPath\framework\web\CController.php(308): CInlineAction->runWithParams(Array)
#4 Y:\home\localhost\www\YiiPath\framework\web\CController.php(286): CController->runAction(Object(CInlineAction))
#5 Y:\home\localhost\www\YiiPath\framework\web\CController.php(265): CController->runActionWithFilters(Object(CInlineAction), Array)
#6 Y:\home\localhost\www\YiiPath\framework\web\CWebApplication.php(282): CController->run('end')
#7 Y:\home\localhost\www\YiiPath\framework\web\CWebApplication.php(141): CWebApplication->runController('game/end')
#8 Y:\home\localhost\www\YiiPath\framework\base\CApplication.php(180): CWebApplication->processRequest()
#9 Y:\home\localhost\www\chess\index.php(13): CApplication->run()
#10 {main}
REQUEST_URI=/chess/game/end
HTTP_REFERER=http://localhost/chess/gameHistory/view
---
